Build started 16/2/2015 12:40:50 AM.
     1>Project "C:\Users\Princeton\Desktop\School\Semester 2\Studio Project 2\Assignment3_141991A\Common\Common.vcxproj" on node 2 (build target(s)).
     1>PrepareForBuild:
         Creating directory "C:\Users\Princeton\Desktop\School\Semester 2\Studio Project 2\Assignment3_141991A\Debug\".
       InitializeBuildStatus:
         Creating "Debug\Common.unsuccessfulbuild" because "AlwaysCreate" was specified.
       ClCompile:
         c:\Program Files (x86)\Microsoft Visual Studio 10.0\VC\bin\CL.exe /c /ZI /nologo /W3 /WX- /Od /Oy- /D WIN32 /D _DEBUG /D _LIB /D _UNICODE /D UNICODE /Gm /EHsc /RTC1 /MDd /GS /fp:precise /Zc:wchar_t /Zc:forScope /Fo"Debug\\" /Fd"Debug\vc100.pdb" /Gd /TP /analyze- /errorReport:prompt Source\MatrixStack.cpp Source\Mtx44.cpp Source\timer.cpp Source\Vector3.cpp
         Vector3.cpp
         timer.cpp
         Mtx44.cpp
         MatrixStack.cpp
         Generating Code...
       Lib:
         c:\Program Files (x86)\Microsoft Visual Studio 10.0\VC\bin\Lib.exe /OUT:"C:\Users\Princeton\Desktop\School\Semester 2\Studio Project 2\Assignment3_141991A\Debug\Common.lib" /NOLOGO Debug\MatrixStack.obj
         Debug\Mtx44.obj
         Debug\timer.obj
         Debug\Vector3.obj
         Common.vcxproj -> C:\Users\Princeton\Desktop\School\Semester 2\Studio Project 2\Assignment3_141991A\Debug\Common.lib
       FinalizeBuildStatus:
         Deleting file "Debug\Common.unsuccessfulbuild".
         Touching "Debug\Common.lastbuildstate".
     1>Done Building Project "C:\Users\Princeton\Desktop\School\Semester 2\Studio Project 2\Assignment3_141991A\Common\Common.vcxproj" (build target(s)).

Build succeeded.

Time Elapsed 00:00:02.46
