Build started 16/2/2015 10:40:12 AM.
     1>Project "C:\Users\Ong\Desktop\SP2\StudioProject2\MyGraphics\MyGraphics.vcxproj" on node 2 (build target(s)).
     1>InitializeBuildStatus:
         Touching "Release\Application.unsuccessfulbuild".
       ClCompile:
         c:\Program Files (x86)\Microsoft Visual Studio 10.0\VC\bin\CL.exe /c /IC:\Users\Ong\Desktop\SP2\StudioProject2\\glew\include /IC:\Users\Ong\Desktop\SP2\StudioProject2\\glfw\include /IC:\Users\Ong\Desktop\SP2\StudioProject2\\Common\Source /Zi /nologo /W3 /WX- /O2 /Oi /Oy- /GL /D WIN32 /D NDEBUG /D _CONSOLE /D _UNICODE /D UNICODE /Gm- /EHsc /MD /GS /Gy /fp:precise /Zc:wchar_t /Zc:forScope /Fo"Release\\" /Fd"Release\vc100.pdb" /Gd /TP /analyze- /errorReport:prompt Source\StudioProject.cpp
         StudioProject.cpp
       Link:
         c:\Program Files (x86)\Microsoft Visual Studio 10.0\VC\bin\link.exe /ERRORREPORT:PROMPT /OUT:"C:\Users\Ong\Desktop\SP2\StudioProject2\Release\Application.exe" /INCREMENTAL:NO /NOLOGO /LIBPATH:C:\Users\Ong\Desktop\SP2\StudioProject2\\glew\lib /LIBPATH:"C:\Users\Ong\Desktop\SP2\StudioProject2\\glfw\lib-msvc100" /LIBPATH:C:\Users\Ong\Desktop\SP2\StudioProject2\Release glew32.lib glfw3.lib opengl32.lib winmm.lib Common.lib kernel32.lib user32.lib gdi32.lib winspool.lib comdlg32.lib advapi32.lib shell32.lib ole32.lib oleaut32.lib uuid.lib odbc32.lib odbccp32.lib /MANIFEST /ManifestFile:"Release\Application.exe.intermediate.manifest" /MANIFESTUAC:"level='asInvoker' uiAccess='false'" /DEBUG /PDB:"C:\Users\Ong\Desktop\SP2\StudioProject2\Release\Application.pdb" /SUBSYSTEM:CONSOLE /OPT:REF /OPT:ICF /LTCG /TLBID:1 /DYNAMICBASE /NXCOMPAT /IMPLIB:"C:\Users\Ong\Desktop\SP2\StudioProject2\Release\Application.lib" /MACHINE:X86 Release\Application.obj
         Release\Camera.obj
         Release\Camera3.obj
         Release\LoadOBJ.obj
         Release\LoadTGA.obj
         Release\main.obj
         Release\Mesh.obj
         Release\MeshBuilder.obj
         Release\shader.obj
         Release\StudioProject.obj
         Release\Utility.obj
         Generating code
         Finished generating code
         MyGraphics.vcxproj -> C:\Users\Ong\Desktop\SP2\StudioProject2\Release\Application.exe
       Manifest:
         c:\Program Files (x86)\Microsoft SDKs\Windows\v7.0A\bin\mt.exe /nologo /verbose /outputresource:"C:\Users\Ong\Desktop\SP2\StudioProject2\Release\Application.exe;#1" /manifest Release\Application.exe.intermediate.manifest
       FinalizeBuildStatus:
         Deleting file "Release\Application.unsuccessfulbuild".
         Touching "Release\Application.lastbuildstate".
     1>Done Building Project "C:\Users\Ong\Desktop\SP2\StudioProject2\MyGraphics\MyGraphics.vcxproj" (build target(s)).

Build succeeded.

Time Elapsed 00:00:02.28
