Build started 16/2/2015 1:00:09 AM.
     1>Project "C:\Users\Princeton\Desktop\School\Semester 2\Studio Project 2\Assignment3_141991A\MyGraphics\MyGraphics.vcxproj" on node 2 (build target(s)).
     1>InitializeBuildStatus:
         Creating "Debug\Application.unsuccessfulbuild" because "AlwaysCreate" was specified.
       ClCompile:
         c:\Program Files (x86)\Microsoft Visual Studio 10.0\VC\bin\CL.exe /c /I"C:\Users\Princeton\Desktop\School\Semester 2\Studio Project 2\Assignment3_141991A\\glew\include" /I"C:\Users\Princeton\Desktop\School\Semester 2\Studio Project 2\Assignment3_141991A\\glfw\include" /I"C:\Users\Princeton\Desktop\School\Semester 2\Studio Project 2\Assignment3_141991A\\Common\Source" /ZI /nologo /W3 /WX- /Od /Oy- /D WIN32 /D _DEBUG /D _CONSOLE /D _UNICODE /D UNICODE /Gm /EHsc /RTC1 /MDd /GS /fp:precise /Zc:wchar_t /Zc:forScope /Fo"Debug\\" /Fd"Debug\vc100.pdb" /Gd /TP /analyze- /errorReport:prompt Source\StudioProject.cpp
         StudioProject.cpp
       ManifestResourceCompile:
         C:\Program Files (x86)\Microsoft SDKs\Windows\v7.0A\bin\rc.exe /nologo /fo"Debug\Application.exe.embed.manifest.res" Debug\Application_manifest.rc 
       Link:
         c:\Program Files (x86)\Microsoft Visual Studio 10.0\VC\bin\link.exe /ERRORREPORT:PROMPT /OUT:"C:\Users\Princeton\Desktop\School\Semester 2\Studio Project 2\Assignment3_141991A\Debug\Application.exe" /INCREMENTAL /NOLOGO /LIBPATH:"C:\Users\Princeton\Desktop\School\Semester 2\Studio Project 2\Assignment3_141991A\\glew\lib" /LIBPATH:"C:\Users\Princeton\Desktop\School\Semester 2\Studio Project 2\Assignment3_141991A\\glfw\lib-msvc100" /LIBPATH:"C:\Users\Princeton\Desktop\School\Semester 2\Studio Project 2\Assignment3_141991A\Debug" glew32.lib glfw3.lib opengl32.lib winmm.lib Common.lib kernel32.lib user32.lib gdi32.lib winspool.lib comdlg32.lib advapi32.lib shell32.lib ole32.lib oleaut32.lib uuid.lib odbc32.lib odbccp32.lib /MANIFEST /ManifestFile:"Debug\Application.exe.intermediate.manifest" /MANIFESTUAC:"level='asInvoker' uiAccess='false'" /DEBUG /PDB:"C:\Users\Princeton\Desktop\School\Semester 2\Studio Project 2\Assignment3_141991A\Debug\Application.pdb" /SUBSYSTEM:CONSOLE /TLBID:1 /DYNAMICBASE /NXCOMPAT /IMPLIB:"C:\Users\Princeton\Desktop\School\Semester 2\Studio Project 2\Assignment3_141991A\Debug\Application.lib" /MACHINE:X86 Debug\Application.exe.embed.manifest.res
         Debug\Application.obj
         Debug\Camera.obj
         Debug\Camera3.obj
         Debug\LoadOBJ.obj
         Debug\LoadTGA.obj
         Debug\main.obj
         Debug\Mesh.obj
         Debug\MeshBuilder.obj
         Debug\shader.obj
         Debug\StudioProject.obj
         Debug\Utility.obj
     1>LINK : warning LNK4098: defaultlib 'MSVCRT' conflicts with use of other libs; use /NODEFAULTLIB:library
       Manifest:
         C:\Program Files (x86)\Microsoft SDKs\Windows\v7.0A\bin\mt.exe /nologo /verbose /out:"Debug\Application.exe.embed.manifest" /manifest Debug\Application.exe.intermediate.manifest
         C:\Program Files (x86)\Microsoft SDKs\Windows\v7.0A\bin\rc.exe /nologo /fo"Debug\Application.exe.embed.manifest.res" Debug\Application_manifest.rc 
       LinkEmbedManifest:
         c:\Program Files (x86)\Microsoft Visual Studio 10.0\VC\bin\link.exe /ERRORREPORT:PROMPT /OUT:"C:\Users\Princeton\Desktop\School\Semester 2\Studio Project 2\Assignment3_141991A\Debug\Application.exe" /INCREMENTAL /NOLOGO /LIBPATH:"C:\Users\Princeton\Desktop\School\Semester 2\Studio Project 2\Assignment3_141991A\\glew\lib" /LIBPATH:"C:\Users\Princeton\Desktop\School\Semester 2\Studio Project 2\Assignment3_141991A\\glfw\lib-msvc100" /LIBPATH:"C:\Users\Princeton\Desktop\School\Semester 2\Studio Project 2\Assignment3_141991A\Debug" glew32.lib glfw3.lib opengl32.lib winmm.lib Common.lib kernel32.lib user32.lib gdi32.lib winspool.lib comdlg32.lib advapi32.lib shell32.lib ole32.lib oleaut32.lib uuid.lib odbc32.lib odbccp32.lib /MANIFEST /ManifestFile:"Debug\Application.exe.intermediate.manifest" /MANIFESTUAC:"level='asInvoker' uiAccess='false'" /DEBUG /PDB:"C:\Users\Princeton\Desktop\School\Semester 2\Studio Project 2\Assignment3_141991A\Debug\Application.pdb" /SUBSYSTEM:CONSOLE /TLBID:1 /DYNAMICBASE /NXCOMPAT /IMPLIB:"C:\Users\Princeton\Desktop\School\Semester 2\Studio Project 2\Assignment3_141991A\Debug\Application.lib" /MACHINE:X86 Debug\Application.exe.embed.manifest.res
         Debug\Application.obj
         Debug\Camera.obj
         Debug\Camera3.obj
         Debug\LoadOBJ.obj
         Debug\LoadTGA.obj
         Debug\main.obj
         Debug\Mesh.obj
         Debug\MeshBuilder.obj
         Debug\shader.obj
         Debug\StudioProject.obj
         Debug\Utility.obj
     1>LINK : warning LNK4098: defaultlib 'MSVCRT' conflicts with use of other libs; use /NODEFAULTLIB:library
         MyGraphics.vcxproj -> C:\Users\Princeton\Desktop\School\Semester 2\Studio Project 2\Assignment3_141991A\Debug\Application.exe
       FinalizeBuildStatus:
         Deleting file "Debug\Application.unsuccessfulbuild".
         Touching "Debug\Application.lastbuildstate".
     1>Done Building Project "C:\Users\Princeton\Desktop\School\Semester 2\Studio Project 2\Assignment3_141991A\MyGraphics\MyGraphics.vcxproj" (build target(s)).

Build succeeded.

Time Elapsed 00:00:01.76
